<?xml version="1.0" encoding="UTF-8"?>
<!-- Generated by org.testng.reporters.JUnitReportReporter -->
<testsuite hostname="DESKTOP-MF21JJO" failures="0" tests="2" name="com.test.MultipleClasses" time="55.421" errors="0" timestamp="2024-05-29T12:59:37 EDT" skipped="0">
  <testcase classname="com.test.MultipleClasses" name="flipcartMethod" time="27.932"/>
  <testcase classname="com.test.MultipleClasses" name="amazon" time="27.489"/>
</testsuite> <!-- com.test.MultipleClasses -->
